<?xml version="1.0" encoding="UTF-8"?>
<testsuite xmlns:xsi="http://www.w3.org/2001/XMLSchema-instance" xsi:noNamespaceSchemaLocation="https://maven.apache.org/surefire/maven-surefire-plugin/xsd/surefire-test-report-3.0.xsd" version="3.0" name="Appliance.ApplianceApi.XboxApiTest" time="0.032" tests="14" errors="0" skipped="0" failures="0">
  <properties>
[...]
</properties>
  <testcase name="testWorkXbox" classname="Appliance.ApplianceApi.XboxApiTest" time="0"/>
  <testcase name="testBrokenXbox" classname="Appliance.ApplianceApi.XboxApiTest" time="0.016"/>
  <testcase name="testCreateDocumentationXbox" classname="Appliance.ApplianceApi.XboxApiTest" time="0"/>
  <testcase name="testLoadfromSourceXbox{Integer, Integer, Integer, String, String}[1]" classname="Appliance.ApplianceApi.XboxApiTest" time="0"/>
  <testcase name="testLoadfromSourceXbox{Integer, Integer, Integer, String, String}[2]" classname="Appliance.ApplianceApi.XboxApiTest" time="0"/>
  <testcase name="testLoadfromSourceXbox{Integer, Integer, Integer, String, String}[3]" classname="Appliance.ApplianceApi.XboxApiTest" time="0"/>
  <testcase name="testLoadfromSourceXbox{Integer, Integer, Integer, String, String}[4]" classname="Appliance.ApplianceApi.XboxApiTest" time="0"/>
  <testcase name="testLoadfromSourceXbox{Integer, Integer, Integer, String, String}[5]" classname="Appliance.ApplianceApi.XboxApiTest" time="0"/>
  <testcase name="testLoadfromSourceXbox{Integer, Integer, Integer, String, String}[6]" classname="Appliance.ApplianceApi.XboxApiTest" time="0"/>
  <testcase name="testLoadfromSourceXbox{Integer, Integer, Integer, String, String}[7]" classname="Appliance.ApplianceApi.XboxApiTest" time="0"/>
  <testcase name="testLoadfromSourceXbox{Integer, Integer, Integer, String, String}[8]" classname="Appliance.ApplianceApi.XboxApiTest" time="0"/>
  <testcase name="testLoadfromSourceXbox{Integer, Integer, Integer, String, String}[9]" classname="Appliance.ApplianceApi.XboxApiTest" time="0"/>
  <testcase name="testLoadfromSourceXbox{Integer, Integer, Integer, String, String}[10]" classname="Appliance.ApplianceApi.XboxApiTest" time="0"/>
  <testcase name="testConsumptionXbox" classname="Appliance.ApplianceApi.XboxApiTest" time="0"/>
</testsuite>